  myFile.cpp
C:\Users\theoa\Documents\School\C++ Class\Lab5\myFile.cpp(10,2): error C2065: 'CardsSet': undeclared identifier
C:\Users\theoa\Documents\School\C++ Class\Lab5\myFile.cpp(10,11): error C2146: syntax error: missing ';' before identifier 'packet'
C:\Users\theoa\Documents\School\C++ Class\Lab5\myFile.cpp(10,11): error C2065: 'packet': undeclared identifier
C:\Users\theoa\Documents\School\C++ Class\Lab5\myFile.cpp(11,2): error C2065: 'Player': undeclared identifier
C:\Users\theoa\Documents\School\C++ Class\Lab5\myFile.cpp(11,9): error C2146: syntax error: missing ';' before identifier 'you'
C:\Users\theoa\Documents\School\C++ Class\Lab5\myFile.cpp(11,13): error C2065: 'packet': undeclared identifier
C:\Users\theoa\Documents\School\C++ Class\Lab5\myFile.cpp(11,9): error C3861: 'you': identifier not found
C:\Users\theoa\Documents\School\C++ Class\Lab5\myFile.cpp(12,2): error C2065: 'Player': undeclared identifier
C:\Users\theoa\Documents\School\C++ Class\Lab5\myFile.cpp(12,9): error C2146: syntax error: missing ';' before identifier 'me'
C:\Users\theoa\Documents\School\C++ Class\Lab5\myFile.cpp(12,12): error C2065: 'packet': undeclared identifier
C:\Users\theoa\Documents\School\C++ Class\Lab5\myFile.cpp(12,9): error C3861: 'me': identifier not found
C:\Users\theoa\Documents\School\C++ Class\Lab5\myFile.cpp(14,7): error C2059: syntax error: 'continue'
C:\Users\theoa\Documents\School\C++ Class\Lab5\myFile.cpp(16,9): error C2059: syntax error: 'continue'
C:\Users\theoa\Documents\School\C++ Class\Lab5\myFile.cpp(17,2): error C2143: syntax error: missing ';' before '{'
C:\Users\theoa\Documents\School\C++ Class\Lab5\myFile.cpp(20,12): error C2143: syntax error: missing ';' before '='
C:\Users\theoa\Documents\School\C++ Class\Lab5\myFile.cpp(20,12): error C2059: syntax error: '='
C:\Users\theoa\Documents\School\C++ Class\Lab5\myFile.cpp(20,25): error C3873: '0x2032': this character is not allowed as a first character of an identifier
C:\Users\theoa\Documents\School\C++ Class\Lab5\myFile.cpp(20,25): error C3872: '0x2032': this character is not allowed in an identifier
C:\Users\theoa\Documents\School\C++ Class\Lab5\myFile.cpp(21,6): error C2059: syntax error: 'continue'
C:\Users\theoa\Documents\School\C++ Class\Lab5\myFile.cpp(22,4): error C2143: syntax error: missing ';' before '{'
C:\Users\theoa\Documents\School\C++ Class\Lab5\myFile.cpp(23,4): error C2065: 'packet': undeclared identifier
C:\Users\theoa\Documents\School\C++ Class\Lab5\myFile.cpp(24,4): error C2065: 'packet': undeclared identifier
C:\Users\theoa\Documents\School\C++ Class\Lab5\myFile.cpp(25,13): error C2065: 'you': undeclared identifier
C:\Users\theoa\Documents\School\C++ Class\Lab5\myFile.cpp(32,14): error C2065: 'me': undeclared identifier
C:\Users\theoa\Documents\School\C++ Class\Lab5\myFile.cpp(33,8): error C2059: syntax error: '='
C:\Users\theoa\Documents\School\C++ Class\Lab5\myFile.cpp(35,5): error C2181: illegal else without matching if
